🔍 Checking for running backend...
🚀 Starting backend...
INFO:     Will watch for changes in these directories: ['/home/xoai/Chatbot/backend']
INFO:     Uvicorn running on http://0.0.0.0:8000 (Press CTRL+C to quit)
INFO:     Started reloader process [44404] using WatchFiles
INFO:     Started server process [44406]
INFO:     Waiting for application startup.
INFO:     Application startup complete.
INFO:     127.0.0.1:47070 - "GET / HTTP/1.1" 200 OK
WARNING:  WatchFiles detected changes in 'init_db.py'. Reloading...
INFO:     Shutting down
INFO:     Waiting for application shutdown.
INFO:     Application shutdown complete.
INFO:     Finished server process [44406]
INFO:     Started server process [44706]
INFO:     Waiting for application startup.
INFO:     Application startup complete.
WARNING:  WatchFiles detected changes in 'app/services/rag.py'. Reloading...
INFO:     Shutting down
INFO:     Waiting for application shutdown.
INFO:     Application shutdown complete.
INFO:     Finished server process [44706]
INFO:     Started server process [44940]
INFO:     Waiting for application startup.
INFO:     Application startup complete.
WARNING:  WatchFiles detected changes in 'app/services/rag.py', 'app/main.py', 'init_db.py'. Reloading...
INFO:     Shutting down
INFO:     Waiting for application shutdown.
INFO:     Application shutdown complete.
INFO:     Finished server process [44940]
INFO:     Started server process [44942]
INFO:     Waiting for application startup.
INFO:     Application startup complete.
INFO:     Shutting down
INFO:     Waiting for application shutdown.
INFO:     Application shutdown complete.
INFO:     Finished server process [44942]
INFO:     Stopping reloader process [44404]
